Using pre-set license
Built from '2022.3/staging' branch; Version is '2022.3.10f1 (ff3792e53c62) revision 16725906'; Using compiler version '192829333'; Build Type 'Release'
OS: 'Windows 11  (10.0.22631) 64bit Enterprise' Language: 'en' Physical Memory: 32451 MB
BatchMode: 1, IsHumanControllingUs: 0, StartBugReporterOnCrash: 0, Is64bit: 1, IsPro: 1

COMMAND LINE ARGUMENTS:
D:\Unity\2022.3.10f1\Editor\Unity.exe
-adb2
-batchMode
-noUpm
-name
AssetImportWorker4
-projectPath
D:/yx2679/QuickVRFall24
-logFile
Logs/AssetImportWorker4.log
-srvPort
51006
Successfully changed project path to: D:/yx2679/QuickVRFall24
D:/yx2679/QuickVRFall24
[UnityMemory] Configuration Parameters - Can be set up in boot.config
    "memorysetup-bucket-allocator-granularity=16"
    "memorysetup-bucket-allocator-bucket-count=8"
    "memorysetup-bucket-allocator-block-size=33554432"
    "memorysetup-bucket-allocator-block-count=8"
    "memorysetup-main-allocator-block-size=16777216"
    "memorysetup-thread-allocator-block-size=16777216"
    "memorysetup-gfx-main-allocator-block-size=16777216"
    "memorysetup-gfx-thread-allocator-block-size=16777216"
    "memorysetup-cache-allocator-block-size=4194304"
    "memorysetup-typetree-allocator-block-size=2097152"
    "memorysetup-profiler-bucket-allocator-granularity=16"
    "memorysetup-profiler-bucket-allocator-bucket-count=8"
    "memorysetup-profiler-bucket-allocator-block-size=33554432"
    "memorysetup-profiler-bucket-allocator-block-count=8"
    "memorysetup-profiler-allocator-block-size=16777216"
    "memorysetup-profiler-editor-allocator-block-size=1048576"
    "memorysetup-temp-allocator-size-main=16777216"
    "memorysetup-job-temp-allocator-block-size=2097152"
    "memorysetup-job-temp-allocator-block-size-background=1048576"
    "memorysetup-job-temp-allocator-reduction-small-platforms=262144"
    "memorysetup-allocator-temp-initial-block-size-main=262144"
    "memorysetup-allocator-temp-initial-block-size-worker=262144"
    "memorysetup-temp-allocator-size-background-worker=32768"
    "memorysetup-temp-allocator-size-job-worker=262144"
    "memorysetup-temp-allocator-size-preload-manager=33554432"
    "memorysetup-temp-allocator-size-nav-mesh-worker=65536"
    "memorysetup-temp-allocator-size-audio-worker=65536"
    "memorysetup-temp-allocator-size-cloud-worker=32768"
    "memorysetup-temp-allocator-size-gi-baking-worker=262144"
    "memorysetup-temp-allocator-size-gfx=262144"
Player connection [32152] Host "[IP] 10.228.48.200 [Port] 0 [Flags] 2 [Guid] 4028481468 [EditorId] 4028481468 [Version] 1048832 [Id] WindowsEditor(7,C3-015-XRL-02) [Debug] 1 [PackageName] WindowsEditor [ProjectName] Editor" joined multi-casting on [225.0.0.222:54997]...

Player connection [32152] Host "[IP] 10.228.48.200 [Port] 0 [Flags] 2 [Guid] 4028481468 [EditorId] 4028481468 [Version] 1048832 [Id] WindowsEditor(7,C3-015-XRL-02) [Debug] 1 [PackageName] WindowsEditor [ProjectName] Editor" joined alternative multi-casting on [225.0.0.222:34997]...

[Physics::Module] Initialized MultithreadedJobDispatcher with 23 workers.
Refreshing native plugins compatible for Editor in 13.52 ms, found 10 plugins.
Preloading 0 native plugins for Editor in 0.00 ms.
Initialize engine version: 2022.3.10f1 (ff3792e53c62)
[Subsystems] Discovering subsystems at path D:/Unity/2022.3.10f1/Editor/Data/Resources/UnitySubsystems
[Subsystems] Discovering subsystems at path D:/yx2679/QuickVRFall24/Assets
GfxDevice: creating device client; threaded=0; jobified=0
Direct3D:
    Version:  Direct3D 11.0 [level 11.1]
    Renderer: NVIDIA RTX A5000 (ID=0x2231)
    Vendor:   NVIDIA
    VRAM:     24250 MB
    Driver:   32.0.15.6603
Initialize mono
Mono path[0] = 'D:/Unity/2022.3.10f1/Editor/Data/Managed'
Mono path[1] = 'D:/Unity/2022.3.10f1/Editor/Data/MonoBleedingEdge/lib/mono/unityjit-win32'
Mono config path = 'D:/Unity/2022.3.10f1/Editor/Data/MonoBleedingEdge/etc'
Using monoOptions --debugger-agent=transport=dt_socket,embedding=1,server=y,suspend=n,address=127.0.0.1:56528
Begin MonoManager ReloadAssembly
Registering precompiled unity dll's ...
Register platform support module: D:/Unity/2022.3.10f1/Editor/Data/PlaybackEngines/WebGLSupport/UnityEditor.WebGL.Extensions.dll
Register platform support module: D:/Unity/2022.3.10f1/Editor/Data/PlaybackEngines/AndroidPlayer/UnityEditor.Android.Extensions.dll
Register platform support module: D:/Unity/2022.3.10f1/Editor/Data/PlaybackEngines/iOSSupport/UnityEditor.iOS.Extensions.dll
Register platform support module: D:/Unity/2022.3.10f1/Editor/Data/PlaybackEngines/WindowsStandaloneSupport/UnityEditor.WindowsStandalone.Extensions.dll
Registered in 0.005253 seconds.
- Loaded All Assemblies, in  0.305 seconds
Native extension for WindowsStandalone target not found
[usbmuxd] Start listen thread
[usbmuxd] Listen thread started
Native extension for iOS target not found
Native extension for Android target not found
Native extension for WebGL target not found
Mono: successfully reloaded assembly
- Finished resetting the current domain, in  0.281 seconds
Domain Reload Profiling: 586ms
	BeginReloadAssembly (90ms)
		ExecutionOrderSort (0ms)
		DisableScriptedObjects (0ms)
		BackupInstance (0ms)
		ReleaseScriptingObjects (0ms)
		CreateAndSetChildDomain (1ms)
	RebuildCommonClasses (30ms)
	RebuildNativeTypeToScriptingClass (10ms)
	initialDomainReloadingComplete (44ms)
	LoadAllAssembliesAndSetupDomain (130ms)
		LoadAssemblies (90ms)
		RebuildTransferFunctionScriptingTraits (0ms)
		AnalyzeDomain (128ms)
			TypeCache.Refresh (127ms)
				TypeCache.ScanAssembly (114ms)
			ScanForSourceGeneratedMonoScriptInfo (0ms)
			ResolveRequiredComponents (0ms)
	FinalizeReload (281ms)
		ReleaseScriptCaches (0ms)
		RebuildScriptCaches (0ms)
		SetupLoadedEditorAssemblies (226ms)
			LogAssemblyErrors (0ms)
			InitializePlatformSupportModulesInManaged (87ms)
			SetLoadedEditorAssemblies (4ms)
			RefreshPlugins (0ms)
			BeforeProcessingInitializeOnLoad (2ms)
			ProcessInitializeOnLoadAttributes (86ms)
			ProcessInitializeOnLoadMethodAttributes (47ms)
			AfterProcessingInitializeOnLoad (0ms)
			EditorAssembliesLoaded (0ms)
		ExecutionOrderSort2 (0ms)
		AwakeInstancesAfterBackupRestoration (0ms)
========================================================================
Worker process is ready to serve import requests
Begin MonoManager ReloadAssembly
- Loaded All Assemblies, in  0.634 seconds
Refreshing native plugins compatible for Editor in 8.17 ms, found 10 plugins.
Native extension for WindowsStandalone target not found
Native extension for iOS target not found
Native extension for Android target not found
Native extension for WebGL target not found
Package Manager log level set to [2]
[Package Manager] Server::EnsureServerProcessIsRunning -- launch failed, reason: Unity was launched with the -noUpm command-line argument
[Package Manager] UpmClient::Send -- Unable to send message (not connected to UPM process).
[Package Manager] Cannot connect to Unity Package Manager local server
[Package Manager] Server::EnsureServerProcessIsRunning -- launch failed, reason: Unity was launched with the -noUpm command-line argument
[Package Manager] UpmClient::Send -- Unable to send message (not connected to UPM process).
[Package Manager] Cannot connect to Unity Package Manager local server
Mono: successfully reloaded assembly
[Package Manager] Server::EnsureServerProcessIsRunning -- launch failed, reason: Unity was launched with the -noUpm command-line argument
[Package Manager] UpmClient::Send -- Unable to send message (not connected to UPM process).
[Package Manager] Cannot connect to Unity Package Manager local server
[Package Manager] Server::EnsureServerProcessIsRunning -- launch failed, reason: Unity was launched with the -noUpm command-line argument
[Package Manager] UpmClient::Send -- Unable to send message (not connected to UPM process).
[Package Manager] Cannot connect to Unity Package Manager local server
- Finished resetting the current domain, in  0.669 seconds
Domain Reload Profiling: 1302ms
	BeginReloadAssembly (132ms)
		ExecutionOrderSort (0ms)
		DisableScriptedObjects (5ms)
		BackupInstance (0ms)
		ReleaseScriptingObjects (0ms)
		CreateAndSetChildDomain (25ms)
	RebuildCommonClasses (32ms)
	RebuildNativeTypeToScriptingClass (10ms)
	initialDomainReloadingComplete (32ms)
	LoadAllAssembliesAndSetupDomain (426ms)
		LoadAssemblies (269ms)
		RebuildTransferFunctionScriptingTraits (0ms)
		AnalyzeDomain (230ms)
			TypeCache.Refresh (190ms)
				TypeCache.ScanAssembly (172ms)
			ScanForSourceGeneratedMonoScriptInfo (25ms)
			ResolveRequiredComponents (13ms)
	FinalizeReload (669ms)
		ReleaseScriptCaches (0ms)
		RebuildScriptCaches (0ms)
		SetupLoadedEditorAssemblies (510ms)
			LogAssemblyErrors (0ms)
			InitializePlatformSupportModulesInManaged (28ms)
			SetLoadedEditorAssemblies (3ms)
			RefreshPlugins (0ms)
			BeforeProcessingInitializeOnLoad (67ms)
			ProcessInitializeOnLoadAttributes (367ms)
			ProcessInitializeOnLoadMethodAttributes (42ms)
			AfterProcessingInitializeOnLoad (2ms)
			EditorAssembliesLoaded (0ms)
		ExecutionOrderSort2 (0ms)
		AwakeInstancesAfterBackupRestoration (11ms)
Launched and connected shader compiler UnityShaderCompiler.exe after 0.06 seconds
Refreshing native plugins compatible for Editor in 10.97 ms, found 10 plugins.
Preloading 0 native plugins for Editor in 0.00 ms.
Unloading 5242 Unused Serialized files (Serialized files now loaded: 0)
Unloading 83 unused Assets / (76.9 KB). Loaded Objects now: 5745.
Memory consumption went from 191.6 MB to 191.6 MB.
Total: 5.180200 ms (FindLiveObjects: 0.536400 ms CreateObjectMapping: 0.470400 ms MarkObjects: 3.982000 ms  DeleteObjects: 0.190200 ms)

AssetImportParameters requested are different than current active one (requested -> active):
  custom:container-demuxer-ogg: 62fdf1f143b41e24485cea50d1cbac27 -> 
  custom:video-codec-MediaFoundation-h265: 746d11721c4dcdbdad8f713fa42b33f4 -> 
  custom:video-decoder-ogg-theora: a1e56fd34408186e4bbccfd4996cb3dc -> 
  custom:framework-win-MediaFoundation: 216162199b28c13a410421893ffa2e32 -> 
  custom:CustomObjectIndexerAttribute: 756ad292c208cfabdd7b50bc23989ffe -> 
  custom:container-demuxer-webm: 4f35f7cbe854078d1ac9338744f61a02 -> 
  custom:container-muxer-webm: aa71ff27fc2769a1b78a27578f13a17b -> 
  custom:video-decoder-webm-vp8: 9c59270c3fd7afecdb556c50c9e8de78 -> 
  custom:SearchIndexIgnoredProperties: e643bd26f0fe6173181afceb89e7c659 -> 
  custom:AudioImporter_EditorPlatform: d09bf68614088b80899f8185d706f6e7 -> 
  custom:video-encoder-webm-vp8: eb34c28f22e8b96e1ab97ce403110664 -> 
  custom:audio-decoder-ogg-vorbis: bf7c407c2cedff20999df2af8eb42d56 -> 
  custom:audio-encoder-webm-vorbis: bf7c407c2cedff20999df2af8eb42d56 -> 
========================================================================
Received Import Request.
  Time since last request: 32426.463867 seconds.
  path: Assets/Reversed Interactive/The Portal Collection/Materials/Glass.mat
  artifactKey: Guid(03d5aa9eb03df924bb8a29c726d46f33) Importer(815301076,1909f56bfc062723c751e8b465ee728b)
Start importing Assets/Reversed Interactive/The Portal Collection/Materials/Glass.mat using Guid(03d5aa9eb03df924bb8a29c726d46f33) Importer(815301076,1909f56bfc062723c751e8b465ee728b)  -> (artifact id: '892dd2d9eb952c4457530618861b3a8b') in 0.083150 seconds
Number of updated asset objects reloaded before import = 0
Number of asset objects unloaded after import = 1
========================================================================
Received Import Request.
  Time since last request: 0.000040 seconds.
  path: Assets/Reversed Interactive/The Portal Collection/Materials/PortalViolet.mat
  artifactKey: Guid(555e9c432feb31a4d8f69bc071838b11) Importer(815301076,1909f56bfc062723c751e8b465ee728b)
Start importing Assets/Reversed Interactive/The Portal Collection/Materials/PortalViolet.mat using Guid(555e9c432feb31a4d8f69bc071838b11) Importer(815301076,1909f56bfc062723c751e8b465ee728b)  -> (artifact id: 'f8cd394d247bc6985ec51adebb9d3284') in 0.010314 seconds
Number of updated asset objects reloaded before import = 0
Number of asset objects unloaded after import = 3
========================================================================
Received Import Request.
  Time since last request: 0.000017 seconds.
  path: Assets/Reversed Interactive/The Portal Collection/Materials/PortalSix_2_Albedo.mat
  artifactKey: Guid(f0d8d8a61229b794ea2429896978a02b) Importer(815301076,1909f56bfc062723c751e8b465ee728b)
Start importing Assets/Reversed Interactive/The Portal Collection/Materials/PortalSix_2_Albedo.mat using Guid(f0d8d8a61229b794ea2429896978a02b) Importer(815301076,1909f56bfc062723c751e8b465ee728b)  -> (artifact id: '9810d83a6dd59f94235d6351fd7f9d45') in 0.044286 seconds
Number of updated asset objects reloaded before import = 0
Number of asset objects unloaded after import = 5
========================================================================
Received Import Request.
  Time since last request: 0.440273 seconds.
  path: Assets/Reversed Interactive/The Portal Collection/Prefabs/PortalEight.prefab
  artifactKey: Guid(c44a80ca2bb0b5c4fb154e3623930b96) Importer(815301076,1909f56bfc062723c751e8b465ee728b)
Start importing Assets/Reversed Interactive/The Portal Collection/Prefabs/PortalEight.prefab using Guid(c44a80ca2bb0b5c4fb154e3623930b96) Importer(815301076,1909f56bfc062723c751e8b465ee728b)  -> (artifact id: '1d7464ae7c3597119e36a6789d3aa3bf') in 0.032323 seconds
Number of updated asset objects reloaded before import = 0
Number of asset objects unloaded after import = 22
========================================================================
Received Import Request.
  Time since last request: 0.000018 seconds.
  path: Assets/Reversed Interactive/The Portal Collection/Prefabs/PortalThree.prefab
  artifactKey: Guid(ad1b178074e9f794d974b6df80c99387) Importer(815301076,1909f56bfc062723c751e8b465ee728b)
Start importing Assets/Reversed Interactive/The Portal Collection/Prefabs/PortalThree.prefab using Guid(ad1b178074e9f794d974b6df80c99387) Importer(815301076,1909f56bfc062723c751e8b465ee728b)  -> (artifact id: '316d12bbd9b7ef5ff294375774f3424a') in 0.024756 seconds
Number of updated asset objects reloaded before import = 0
Number of asset objects unloaded after import = 26
========================================================================
Received Import Request.
  Time since last request: 2.713750 seconds.
  path: Assets/Reversed Interactive/The Portal Collection/Settings/Foliage.asset
  artifactKey: Guid(78322c7f82657514ebe48203160e3f39) Importer(815301076,1909f56bfc062723c751e8b465ee728b)
Start importing Assets/Reversed Interactive/The Portal Collection/Settings/Foliage.asset using Guid(78322c7f82657514ebe48203160e3f39) Importer(815301076,1909f56bfc062723c751e8b465ee728b)  -> (artifact id: 'fb6f33a19c42cba841e8da9ff84bf214') in 0.001356 seconds
Number of updated asset objects reloaded before import = 0
Number of asset objects unloaded after import = 1
========================================================================
Received Import Request.
  Time since last request: 0.373099 seconds.
  path: Assets/Reversed Interactive/The Portal Collection/Textures/FallOffOne.png
  artifactKey: Guid(4dd8735dd28dc7a4384227ff2d239677) Importer(815301076,1909f56bfc062723c751e8b465ee728b)
Start importing Assets/Reversed Interactive/The Portal Collection/Textures/FallOffOne.png using Guid(4dd8735dd28dc7a4384227ff2d239677) Importer(815301076,1909f56bfc062723c751e8b465ee728b)  -> (artifact id: '9201ed1c1fbd69671a30d1038bec743d') in 0.013925 seconds
Number of updated asset objects reloaded before import = 0
Number of asset objects unloaded after import = 2
========================================================================
Received Import Request.
  Time since last request: 0.000016 seconds.
  path: Assets/Reversed Interactive/The Portal Collection/Textures/PortalSeven_Albedo.png
  artifactKey: Guid(9a73837df3ba16c4890bdfa6912e6203) Importer(815301076,1909f56bfc062723c751e8b465ee728b)
Start importing Assets/Reversed Interactive/The Portal Collection/Textures/PortalSeven_Albedo.png using Guid(9a73837df3ba16c4890bdfa6912e6203) Importer(815301076,1909f56bfc062723c751e8b465ee728b)  -> (artifact id: '318b75420d5c71feff048e34502a7ae1') in 0.025359 seconds
Number of updated asset objects reloaded before import = 0
Number of asset objects unloaded after import = 2
========================================================================
Received Import Request.
  Time since last request: 0.000026 seconds.
  path: Assets/Reversed Interactive/The Portal Collection/Textures/PortalThree_Normal.tga
  artifactKey: Guid(208ef18effbfcbd4caf923ef39eb59c8) Importer(815301076,1909f56bfc062723c751e8b465ee728b)
Start importing Assets/Reversed Interactive/The Portal Collection/Textures/PortalThree_Normal.tga using Guid(208ef18effbfcbd4caf923ef39eb59c8) Importer(815301076,1909f56bfc062723c751e8b465ee728b)  -> (artifact id: '28e22edb2f450ee14aad89d6f2f843c8') in 0.018752 seconds
Number of updated asset objects reloaded before import = 0
Number of asset objects unloaded after import = 2
========================================================================
Received Import Request.
  Time since last request: 0.000023 seconds.
  path: Assets/Reversed Interactive/The Portal Collection/Textures/PortalFour_Albedo.png
  artifactKey: Guid(80ebef9a81d70a645bf4b331fc302e49) Importer(815301076,1909f56bfc062723c751e8b465ee728b)
Start importing Assets/Reversed Interactive/The Portal Collection/Textures/PortalFour_Albedo.png using Guid(80ebef9a81d70a645bf4b331fc302e49) Importer(815301076,1909f56bfc062723c751e8b465ee728b)  -> (artifact id: '7de0dbdda56d1cbdc21489af768c8b00') in 0.011403 seconds
Number of updated asset objects reloaded before import = 0
Number of asset objects unloaded after import = 2
========================================================================
Received Import Request.
  Time since last request: 0.000018 seconds.
  path: Assets/Reversed Interactive/The Portal Collection/Textures/PortalSix_Albedo.png
  artifactKey: Guid(1367c907d731a5d47851329ff1ecc079) Importer(815301076,1909f56bfc062723c751e8b465ee728b)
Start importing Assets/Reversed Interactive/The Portal Collection/Textures/PortalSix_Albedo.png using Guid(1367c907d731a5d47851329ff1ecc079) Importer(815301076,1909f56bfc062723c751e8b465ee728b)  -> (artifact id: 'b5d63f1f65753fc2822baa8f54c000b2') in 0.011337 seconds
Number of updated asset objects reloaded before import = 0
Number of asset objects unloaded after import = 2
========================================================================
Received Import Request.
  Time since last request: 0.000017 seconds.
  path: Assets/Reversed Interactive/The Portal Collection/Textures/PortalFive_Mask.png
  artifactKey: Guid(568a2188971624a4383fc7a89d23d848) Importer(815301076,1909f56bfc062723c751e8b465ee728b)
Start importing Assets/Reversed Interactive/The Portal Collection/Textures/PortalFive_Mask.png using Guid(568a2188971624a4383fc7a89d23d848) Importer(815301076,1909f56bfc062723c751e8b465ee728b)  -> (artifact id: '25f4820cc0a7bbbfd5ce90603d75226d') in 0.010968 seconds
Number of updated asset objects reloaded before import = 0
Number of asset objects unloaded after import = 2
========================================================================
Received Import Request.
  Time since last request: 0.000025 seconds.
  path: Assets/Reversed Interactive/The Portal Collection/Textures/green-slimeH.png
  artifactKey: Guid(ab026c20013e4f14b914df0729566082) Importer(815301076,1909f56bfc062723c751e8b465ee728b)
Start importing Assets/Reversed Interactive/The Portal Collection/Textures/green-slimeH.png using Guid(ab026c20013e4f14b914df0729566082) Importer(815301076,1909f56bfc062723c751e8b465ee728b)  -> (artifact id: 'afab95b24c921185800f49843ada5c53') in 0.007995 seconds
Number of updated asset objects reloaded before import = 0
Number of asset objects unloaded after import = 2
========================================================================
Received Import Request.
  Time since last request: 0.000032 seconds.
  path: Assets/Reversed Interactive/The Portal Collection/Textures/PortalThree_Albedo.tga
  artifactKey: Guid(d6806d6697920c2478fa3fb3870d9996) Importer(815301076,1909f56bfc062723c751e8b465ee728b)
Start importing Assets/Reversed Interactive/The Portal Collection/Textures/PortalThree_Albedo.tga using Guid(d6806d6697920c2478fa3fb3870d9996) Importer(815301076,1909f56bfc062723c751e8b465ee728b)  -> (artifact id: '7f481074fe492395e7fbe35fd878f1ee') in 0.010091 seconds
Number of updated asset objects reloaded before import = 0
Number of asset objects unloaded after import = 2
========================================================================
Received Import Request.
  Time since last request: 0.000019 seconds.
  path: Assets/Reversed Interactive/The Portal Collection/Textures/flowmapH 1.png
  artifactKey: Guid(6985d83f4b8b43a4890b642fd54c36c7) Importer(815301076,1909f56bfc062723c751e8b465ee728b)
Start importing Assets/Reversed Interactive/The Portal Collection/Textures/flowmapH 1.png using Guid(6985d83f4b8b43a4890b642fd54c36c7) Importer(815301076,1909f56bfc062723c751e8b465ee728b)  -> (artifact id: '336bc14acae0d3f90cb1e77454746c7e') in 0.008240 seconds
Number of updated asset objects reloaded before import = 0
Number of asset objects unloaded after import = 2
========================================================================
Received Import Request.
  Time since last request: 0.000025 seconds.
  path: Assets/Reversed Interactive/The Portal Collection/Textures/PortalEight_Mask.png
  artifactKey: Guid(f0262ac53870fd246b0acb6f9daa1ae0) Importer(815301076,1909f56bfc062723c751e8b465ee728b)
Start importing Assets/Reversed Interactive/The Portal Collection/Textures/PortalEight_Mask.png using Guid(f0262ac53870fd246b0acb6f9daa1ae0) Importer(815301076,1909f56bfc062723c751e8b465ee728b)  -> (artifact id: 'afc6b9a9dc5695d0a91222a017af8dcd') in 0.012568 seconds
Number of updated asset objects reloaded before import = 0
Number of asset objects unloaded after import = 2
========================================================================
Received Import Request.
  Time since last request: 0.000018 seconds.
  path: Assets/Reversed Interactive/The Portal Collection/Textures/PortalNine_Albedo.png
  artifactKey: Guid(e6d1ede72ab399347ad9a04e0f09899b) Importer(815301076,1909f56bfc062723c751e8b465ee728b)
Start importing Assets/Reversed Interactive/The Portal Collection/Textures/PortalNine_Albedo.png using Guid(e6d1ede72ab399347ad9a04e0f09899b) Importer(815301076,1909f56bfc062723c751e8b465ee728b)  -> (artifact id: '178cfdc5f10e45c59105ea49d533bd9a') in 0.026936 seconds
Number of updated asset objects reloaded before import = 0
Number of asset objects unloaded after import = 2
========================================================================
Received Import Request.
  Time since last request: 38.389680 seconds.
  path: Assets/Reversed Interactive/The Portal Collection/Scenes/SampleScene.unity
  artifactKey: Guid(cbfe36cfddfde964d9dfce63a355d5dd) Importer(815301076,1909f56bfc062723c751e8b465ee728b)
Start importing Assets/Reversed Interactive/The Portal Collection/Scenes/SampleScene.unity using Guid(cbfe36cfddfde964d9dfce63a355d5dd) Importer(815301076,1909f56bfc062723c751e8b465ee728b)  -> (artifact id: '8421fc70e1dd30088013734cbbe1d6fa') in 0.000727 seconds
Number of updated asset objects reloaded before import = 0
Number of asset objects unloaded after import = 0
========================================================================
Received Import Request.
  Time since last request: 936.734165 seconds.
  path: Assets/AAA/Portal.unity
  artifactKey: Guid(5b63972bed909c743ae924006923ea4a) Importer(815301076,1909f56bfc062723c751e8b465ee728b)
Start importing Assets/AAA/Portal.unity using Guid(5b63972bed909c743ae924006923ea4a) Importer(815301076,1909f56bfc062723c751e8b465ee728b)  -> (artifact id: '88ac9e4801215c5fdba843380c8c3dc9') in 0.000828 seconds
Number of updated asset objects reloaded before import = 0
Number of asset objects unloaded after import = 0
========================================================================
Received Import Request.
  Time since last request: 18.426414 seconds.
  path: Assets/AAA/Screenshot 2024-11-21 232104.png
  artifactKey: Guid(53969703e2036074ca100c42b35514e9) Importer(815301076,1909f56bfc062723c751e8b465ee728b)
Start importing Assets/AAA/Screenshot 2024-11-21 232104.png using Guid(53969703e2036074ca100c42b35514e9) Importer(815301076,1909f56bfc062723c751e8b465ee728b)  -> (artifact id: '03eb377f25c82d54181a64765ebb3ea9') in 0.011347 seconds
Number of updated asset objects reloaded before import = 0
Number of asset objects unloaded after import = 2
========================================================================
Received Import Request.
  Time since last request: 37.939340 seconds.
  path: Assets/Reversed Interactive/The Portal Collection/Materials/FallOffOne3.mat
  artifactKey: Guid(1463ce0460f3eef4396c8e5b340d1b95) Importer(815301076,1909f56bfc062723c751e8b465ee728b)
Start importing Assets/Reversed Interactive/The Portal Collection/Materials/FallOffOne3.mat using Guid(1463ce0460f3eef4396c8e5b340d1b95) Importer(815301076,1909f56bfc062723c751e8b465ee728b)  -> (artifact id: 'a7300679b9fbe8d0c854439149f3b71d') in 0.015773 seconds
Number of updated asset objects reloaded before import = 0
Number of asset objects unloaded after import = 2
========================================================================
Received Import Request.
  Time since last request: 0.028438 seconds.
  path: Assets/Reversed Interactive/The Portal Collection/Materials/PortalEight_Albedo 1.mat
  artifactKey: Guid(5b29b35f2dbe3ed4f9ca47677db31f53) Importer(815301076,1909f56bfc062723c751e8b465ee728b)
Start importing Assets/Reversed Interactive/The Portal Collection/Materials/PortalEight_Albedo 1.mat using Guid(5b29b35f2dbe3ed4f9ca47677db31f53) Importer(815301076,1909f56bfc062723c751e8b465ee728b)  -> (artifact id: 'd4e1097cb8d2bbc1106bb43de45d0b37') in 0.009788 seconds
Number of updated asset objects reloaded before import = 0
Number of asset objects unloaded after import = 2
========================================================================
Received Import Request.
  Time since last request: 0.022312 seconds.
  path: Assets/Reversed Interactive/The Portal Collection/Materials/PortalNine_Mask.mat
  artifactKey: Guid(ba9330db854432845bc46d05a7de4fff) Importer(815301076,1909f56bfc062723c751e8b465ee728b)
Start importing Assets/Reversed Interactive/The Portal Collection/Materials/PortalNine_Mask.mat using Guid(ba9330db854432845bc46d05a7de4fff) Importer(815301076,1909f56bfc062723c751e8b465ee728b)  -> (artifact id: '1615eaa4dbc3a1ac2a01c4f67c4e9164') in 0.022136 seconds
Number of updated asset objects reloaded before import = 0
Number of asset objects unloaded after import = 2
========================================================================
Received Import Request.
  Time since last request: 0.006233 seconds.
  path: Assets/Reversed Interactive/The Portal Collection/Materials/PortalThree_Albedo 1.mat
  artifactKey: Guid(12135987821750d41a2f0bea663add16) Importer(815301076,1909f56bfc062723c751e8b465ee728b)
Start importing Assets/Reversed Interactive/The Portal Collection/Materials/PortalThree_Albedo 1.mat using Guid(12135987821750d41a2f0bea663add16) Importer(815301076,1909f56bfc062723c751e8b465ee728b)  -> (artifact id: '8e252b089cc22e71a6f481724931e27d') in 0.009984 seconds
Number of updated asset objects reloaded before import = 0
Number of asset objects unloaded after import = 2
========================================================================
Received Import Request.
  Time since last request: 0.000039 seconds.
  path: Assets/Reversed Interactive/The Portal Collection/Materials/PortalTwo_Normal.mat
  artifactKey: Guid(ec285b5694654d9469521ea8475b5953) Importer(815301076,1909f56bfc062723c751e8b465ee728b)
Start importing Assets/Reversed Interactive/The Portal Collection/Materials/PortalTwo_Normal.mat using Guid(ec285b5694654d9469521ea8475b5953) Importer(815301076,1909f56bfc062723c751e8b465ee728b)  -> (artifact id: 'a5606197bb1e701a3f074d4f242f3b00') in 0.023169 seconds
Number of updated asset objects reloaded before import = 0
Number of asset objects unloaded after import = 2
========================================================================
Received Import Request.
  Time since last request: 0.000026 seconds.
  path: Assets/Reversed Interactive/The Portal Collection/Materials/wuze85y.mat
  artifactKey: Guid(5f0e937f78044014395c3367824965e3) Importer(815301076,1909f56bfc062723c751e8b465ee728b)
Start importing Assets/Reversed Interactive/The Portal Collection/Materials/wuze85y.mat using Guid(5f0e937f78044014395c3367824965e3) Importer(815301076,1909f56bfc062723c751e8b465ee728b)  -> (artifact id: 'e8e7b3541438eb105090d23d8faa6034') in 0.006798 seconds
Number of updated asset objects reloaded before import = 0
Number of asset objects unloaded after import = 2
========================================================================
Received Import Request.
  Time since last request: 0.000024 seconds.
  path: Assets/Reversed Interactive/The Portal Collection/Materials/PortalSeven_Albedo 1.mat
  artifactKey: Guid(95dfe94ae60c7024ca7f8a467b48560e) Importer(815301076,1909f56bfc062723c751e8b465ee728b)
Start importing Assets/Reversed Interactive/The Portal Collection/Materials/PortalSeven_Albedo 1.mat using Guid(95dfe94ae60c7024ca7f8a467b48560e) Importer(815301076,1909f56bfc062723c751e8b465ee728b)  -> (artifact id: 'f314304eaa5473b2f959bf8288139fa8') in 0.022940 seconds
Number of updated asset objects reloaded before import = 0
Number of asset objects unloaded after import = 2
========================================================================
Received Import Request.
  Time since last request: 0.000021 seconds.
  path: Assets/Reversed Interactive/The Portal Collection/Materials/PortalSix_2_Emissive.mat
  artifactKey: Guid(1b0dd63ae0c7fc84ab249fbed49941b6) Importer(815301076,1909f56bfc062723c751e8b465ee728b)
Start importing Assets/Reversed Interactive/The Portal Collection/Materials/PortalSix_2_Emissive.mat using Guid(1b0dd63ae0c7fc84ab249fbed49941b6) Importer(815301076,1909f56bfc062723c751e8b465ee728b)  -> (artifact id: '012fc30ed41b8fbf7ea473be595b01be') in 0.009605 seconds
Number of updated asset objects reloaded before import = 0
Number of asset objects unloaded after import = 2
Editor requested this worker to shutdown with reason: Scaling down because of idle timeout
TcpMessagingSession - receive error: operation aborted. errorcode: 995, details: The I/O operation has been aborted because of either a thread exit or an application request.
AssetImportWorker is now disconnected from the server
Process exiting
Exiting without the bug reporter. Application will terminate with return code 0