Using pre-set license
Built from '2022.3/staging' branch; Version is '2022.3.10f1 (ff3792e53c62) revision 16725906'; Using compiler version '192829333'; Build Type 'Release'
OS: 'Windows 11  (10.0.22631) 64bit Enterprise' Language: 'en' Physical Memory: 32451 MB
BatchMode: 1, IsHumanControllingUs: 0, StartBugReporterOnCrash: 0, Is64bit: 1, IsPro: 1

COMMAND LINE ARGUMENTS:
D:\Unity\2022.3.10f1\Editor\Unity.exe
-adb2
-batchMode
-noUpm
-name
AssetImportWorker2
-projectPath
D:/yx2679/QuickVRFall24
-logFile
Logs/AssetImportWorker2.log
-srvPort
51006
Successfully changed project path to: D:/yx2679/QuickVRFall24
D:/yx2679/QuickVRFall24
[UnityMemory] Configuration Parameters - Can be set up in boot.config
    "memorysetup-bucket-allocator-granularity=16"
    "memorysetup-bucket-allocator-bucket-count=8"
    "memorysetup-bucket-allocator-block-size=33554432"
    "memorysetup-bucket-allocator-block-count=8"
    "memorysetup-main-allocator-block-size=16777216"
    "memorysetup-thread-allocator-block-size=16777216"
    "memorysetup-gfx-main-allocator-block-size=16777216"
    "memorysetup-gfx-thread-allocator-block-size=16777216"
    "memorysetup-cache-allocator-block-size=4194304"
    "memorysetup-typetree-allocator-block-size=2097152"
    "memorysetup-profiler-bucket-allocator-granularity=16"
    "memorysetup-profiler-bucket-allocator-bucket-count=8"
    "memorysetup-profiler-bucket-allocator-block-size=33554432"
    "memorysetup-profiler-bucket-allocator-block-count=8"
    "memorysetup-profiler-allocator-block-size=16777216"
    "memorysetup-profiler-editor-allocator-block-size=1048576"
    "memorysetup-temp-allocator-size-main=16777216"
    "memorysetup-job-temp-allocator-block-size=2097152"
    "memorysetup-job-temp-allocator-block-size-background=1048576"
    "memorysetup-job-temp-allocator-reduction-small-platforms=262144"
    "memorysetup-allocator-temp-initial-block-size-main=262144"
    "memorysetup-allocator-temp-initial-block-size-worker=262144"
    "memorysetup-temp-allocator-size-background-worker=32768"
    "memorysetup-temp-allocator-size-job-worker=262144"
    "memorysetup-temp-allocator-size-preload-manager=33554432"
    "memorysetup-temp-allocator-size-nav-mesh-worker=65536"
    "memorysetup-temp-allocator-size-audio-worker=65536"
    "memorysetup-temp-allocator-size-cloud-worker=32768"
    "memorysetup-temp-allocator-size-gi-baking-worker=262144"
    "memorysetup-temp-allocator-size-gfx=262144"
Player connection [17336] Host "[IP] 10.228.48.200 [Port] 0 [Flags] 2 [Guid] 3976861055 [EditorId] 3976861055 [Version] 1048832 [Id] WindowsEditor(7,C3-015-XRL-02) [Debug] 1 [PackageName] WindowsEditor [ProjectName] Editor" joined multi-casting on [225.0.0.222:54997]...

Player connection [17336] Host "[IP] 10.228.48.200 [Port] 0 [Flags] 2 [Guid] 3976861055 [EditorId] 3976861055 [Version] 1048832 [Id] WindowsEditor(7,C3-015-XRL-02) [Debug] 1 [PackageName] WindowsEditor [ProjectName] Editor" joined alternative multi-casting on [225.0.0.222:34997]...

[Physics::Module] Initialized MultithreadedJobDispatcher with 23 workers.
Refreshing native plugins compatible for Editor in 14.61 ms, found 10 plugins.
Preloading 0 native plugins for Editor in 0.00 ms.
Initialize engine version: 2022.3.10f1 (ff3792e53c62)
[Subsystems] Discovering subsystems at path D:/Unity/2022.3.10f1/Editor/Data/Resources/UnitySubsystems
[Subsystems] Discovering subsystems at path D:/yx2679/QuickVRFall24/Assets
GfxDevice: creating device client; threaded=0; jobified=0
Direct3D:
    Version:  Direct3D 11.0 [level 11.1]
    Renderer: NVIDIA RTX A5000 (ID=0x2231)
    Vendor:   NVIDIA
    VRAM:     24250 MB
    Driver:   32.0.15.6603
Initialize mono
Mono path[0] = 'D:/Unity/2022.3.10f1/Editor/Data/Managed'
Mono path[1] = 'D:/Unity/2022.3.10f1/Editor/Data/MonoBleedingEdge/lib/mono/unityjit-win32'
Mono config path = 'D:/Unity/2022.3.10f1/Editor/Data/MonoBleedingEdge/etc'
Using monoOptions --debugger-agent=transport=dt_socket,embedding=1,server=y,suspend=n,address=127.0.0.1:56592
Begin MonoManager ReloadAssembly
Registering precompiled unity dll's ...
Register platform support module: D:/Unity/2022.3.10f1/Editor/Data/PlaybackEngines/WebGLSupport/UnityEditor.WebGL.Extensions.dll
Register platform support module: D:/Unity/2022.3.10f1/Editor/Data/PlaybackEngines/AndroidPlayer/UnityEditor.Android.Extensions.dll
Register platform support module: D:/Unity/2022.3.10f1/Editor/Data/PlaybackEngines/iOSSupport/UnityEditor.iOS.Extensions.dll
Register platform support module: D:/Unity/2022.3.10f1/Editor/Data/PlaybackEngines/WindowsStandaloneSupport/UnityEditor.WindowsStandalone.Extensions.dll
Registered in 0.005267 seconds.
- Loaded All Assemblies, in  0.321 seconds
Native extension for WindowsStandalone target not found
[usbmuxd] Start listen thread
[usbmuxd] Listen thread started
Native extension for iOS target not found
Native extension for Android target not found
Native extension for WebGL target not found
Mono: successfully reloaded assembly
- Finished resetting the current domain, in  0.283 seconds
Domain Reload Profiling: 604ms
	BeginReloadAssembly (97ms)
		ExecutionOrderSort (0ms)
		DisableScriptedObjects (0ms)
		BackupInstance (0ms)
		ReleaseScriptingObjects (0ms)
		CreateAndSetChildDomain (1ms)
	RebuildCommonClasses (31ms)
	RebuildNativeTypeToScriptingClass (10ms)
	initialDomainReloadingComplete (44ms)
	LoadAllAssembliesAndSetupDomain (139ms)
		LoadAssemblies (96ms)
		RebuildTransferFunctionScriptingTraits (0ms)
		AnalyzeDomain (136ms)
			TypeCache.Refresh (135ms)
				TypeCache.ScanAssembly (121ms)
			ScanForSourceGeneratedMonoScriptInfo (0ms)
			ResolveRequiredComponents (0ms)
	FinalizeReload (283ms)
		ReleaseScriptCaches (0ms)
		RebuildScriptCaches (0ms)
		SetupLoadedEditorAssemblies (229ms)
			LogAssemblyErrors (0ms)
			InitializePlatformSupportModulesInManaged (86ms)
			SetLoadedEditorAssemblies (4ms)
			RefreshPlugins (0ms)
			BeforeProcessingInitializeOnLoad (2ms)
			ProcessInitializeOnLoadAttributes (86ms)
			ProcessInitializeOnLoadMethodAttributes (51ms)
			AfterProcessingInitializeOnLoad (0ms)
			EditorAssembliesLoaded (0ms)
		ExecutionOrderSort2 (0ms)
		AwakeInstancesAfterBackupRestoration (0ms)
========================================================================
Worker process is ready to serve import requests
Begin MonoManager ReloadAssembly
- Loaded All Assemblies, in  0.652 seconds
Refreshing native plugins compatible for Editor in 8.49 ms, found 10 plugins.
Native extension for WindowsStandalone target not found
Native extension for iOS target not found
Native extension for Android target not found
Native extension for WebGL target not found
Package Manager log level set to [2]
[Package Manager] Server::EnsureServerProcessIsRunning -- launch failed, reason: Unity was launched with the -noUpm command-line argument
[Package Manager] UpmClient::Send -- Unable to send message (not connected to UPM process).
[Package Manager] Cannot connect to Unity Package Manager local server
[Package Manager] Server::EnsureServerProcessIsRunning -- launch failed, reason: Unity was launched with the -noUpm command-line argument
[Package Manager] UpmClient::Send -- Unable to send message (not connected to UPM process).
[Package Manager] Cannot connect to Unity Package Manager local server
Mono: successfully reloaded assembly
[Package Manager] Server::EnsureServerProcessIsRunning -- launch failed, reason: Unity was launched with the -noUpm command-line argument
[Package Manager] UpmClient::Send -- Unable to send message (not connected to UPM process).
[Package Manager] Cannot connect to Unity Package Manager local server
[Package Manager] Server::EnsureServerProcessIsRunning -- launch failed, reason: Unity was launched with the -noUpm command-line argument
[Package Manager] UpmClient::Send -- Unable to send message (not connected to UPM process).
[Package Manager] Cannot connect to Unity Package Manager local server
- Finished resetting the current domain, in  0.682 seconds
Domain Reload Profiling: 1333ms
	BeginReloadAssembly (137ms)
		ExecutionOrderSort (0ms)
		DisableScriptedObjects (5ms)
		BackupInstance (0ms)
		ReleaseScriptingObjects (0ms)
		CreateAndSetChildDomain (24ms)
	RebuildCommonClasses (30ms)
	RebuildNativeTypeToScriptingClass (10ms)
	initialDomainReloadingComplete (32ms)
	LoadAllAssembliesAndSetupDomain (442ms)
		LoadAssemblies (290ms)
		RebuildTransferFunctionScriptingTraits (0ms)
		AnalyzeDomain (230ms)
			TypeCache.Refresh (193ms)
				TypeCache.ScanAssembly (175ms)
			ScanForSourceGeneratedMonoScriptInfo (26ms)
			ResolveRequiredComponents (9ms)
	FinalizeReload (682ms)
		ReleaseScriptCaches (0ms)
		RebuildScriptCaches (0ms)
		SetupLoadedEditorAssemblies (517ms)
			LogAssemblyErrors (0ms)
			InitializePlatformSupportModulesInManaged (30ms)
			SetLoadedEditorAssemblies (3ms)
			RefreshPlugins (0ms)
			BeforeProcessingInitializeOnLoad (70ms)
			ProcessInitializeOnLoadAttributes (368ms)
			ProcessInitializeOnLoadMethodAttributes (42ms)
			AfterProcessingInitializeOnLoad (3ms)
			EditorAssembliesLoaded (0ms)
		ExecutionOrderSort2 (0ms)
		AwakeInstancesAfterBackupRestoration (14ms)
Launched and connected shader compiler UnityShaderCompiler.exe after 0.09 seconds
Refreshing native plugins compatible for Editor in 15.47 ms, found 10 plugins.
Preloading 0 native plugins for Editor in 0.00 ms.
Unloading 5242 Unused Serialized files (Serialized files now loaded: 0)
Unloading 83 unused Assets / (76.9 KB). Loaded Objects now: 5745.
Memory consumption went from 191.7 MB to 191.6 MB.
Total: 7.816200 ms (FindLiveObjects: 0.664200 ms CreateObjectMapping: 0.535200 ms MarkObjects: 6.358500 ms  DeleteObjects: 0.257100 ms)

AssetImportParameters requested are different than current active one (requested -> active):
  custom:container-demuxer-ogg: 62fdf1f143b41e24485cea50d1cbac27 -> 
  custom:video-codec-MediaFoundation-h265: 746d11721c4dcdbdad8f713fa42b33f4 -> 
  custom:video-decoder-ogg-theora: a1e56fd34408186e4bbccfd4996cb3dc -> 
  custom:framework-win-MediaFoundation: 216162199b28c13a410421893ffa2e32 -> 
  custom:CustomObjectIndexerAttribute: 756ad292c208cfabdd7b50bc23989ffe -> 
  custom:container-demuxer-webm: 4f35f7cbe854078d1ac9338744f61a02 -> 
  custom:container-muxer-webm: aa71ff27fc2769a1b78a27578f13a17b -> 
  custom:video-decoder-webm-vp8: 9c59270c3fd7afecdb556c50c9e8de78 -> 
  custom:SearchIndexIgnoredProperties: e643bd26f0fe6173181afceb89e7c659 -> 
  custom:AudioImporter_EditorPlatform: d09bf68614088b80899f8185d706f6e7 -> 
  custom:video-encoder-webm-vp8: eb34c28f22e8b96e1ab97ce403110664 -> 
  custom:audio-decoder-ogg-vorbis: bf7c407c2cedff20999df2af8eb42d56 -> 
  custom:audio-encoder-webm-vorbis: bf7c407c2cedff20999df2af8eb42d56 -> 
========================================================================
Received Import Request.
  Time since last request: 32399.318981 seconds.
  path: Assets/Reversed Interactive/The Portal Collection
  artifactKey: Guid(6bb9ec8a685dc5e4492ceae25e38a602) Importer(815301076,1909f56bfc062723c751e8b465ee728b)
Start importing Assets/Reversed Interactive/The Portal Collection using Guid(6bb9ec8a685dc5e4492ceae25e38a602) Importer(815301076,1909f56bfc062723c751e8b465ee728b)  -> (artifact id: 'cd928e3b6b4aa71cf3e018478650e0f1') in 0.002345 seconds
Number of updated asset objects reloaded before import = 0
Number of asset objects unloaded after import = 0
========================================================================
Received Import Request.
  Time since last request: 0.082230 seconds.
  path: Assets/Reversed Interactive/The Portal Collection/Forest.hdr
  artifactKey: Guid(80b3ff4853aa82e408c178d573ce696a) Importer(815301076,1909f56bfc062723c751e8b465ee728b)
Start importing Assets/Reversed Interactive/The Portal Collection/Forest.hdr using Guid(80b3ff4853aa82e408c178d573ce696a) Importer(815301076,1909f56bfc062723c751e8b465ee728b)  -> (artifact id: '5b42b72ecb59fff038ecebff0948d3c4') in 0.091121 seconds
Number of updated asset objects reloaded before import = 0
Number of asset objects unloaded after import = 1
========================================================================
Received Import Request.
  Time since last request: 21.844337 seconds.
  path: Assets/Reversed Interactive/The Portal Collection/FBX/PortalEight.fbx
  artifactKey: Guid(1bb172c36db88814dbc56289f2a490e3) Importer(815301076,1909f56bfc062723c751e8b465ee728b)
Start importing Assets/Reversed Interactive/The Portal Collection/FBX/PortalEight.fbx using Guid(1bb172c36db88814dbc56289f2a490e3) Importer(815301076,1909f56bfc062723c751e8b465ee728b)  -> (artifact id: '28a2b0ff6215d1c1e6277711db005baa') in 0.072721 seconds
Number of updated asset objects reloaded before import = 0
Number of asset objects unloaded after import = 15
========================================================================
Received Import Request.
  Time since last request: 0.000017 seconds.
  path: Assets/Reversed Interactive/The Portal Collection/FBX/PortalThree.fbx
  artifactKey: Guid(d3c303e2718ceb849a53d39eab94c4ad) Importer(815301076,1909f56bfc062723c751e8b465ee728b)
Start importing Assets/Reversed Interactive/The Portal Collection/FBX/PortalThree.fbx using Guid(d3c303e2718ceb849a53d39eab94c4ad) Importer(815301076,1909f56bfc062723c751e8b465ee728b)  -> (artifact id: 'c1365b1382bd3a6e19ffb6e49c363f73') in 0.036585 seconds
Number of updated asset objects reloaded before import = 0
Number of asset objects unloaded after import = 17
========================================================================
Received Import Request.
  Time since last request: 0.000016 seconds.
  path: Assets/Reversed Interactive/The Portal Collection/FBX/PortalOne.fbx
  artifactKey: Guid(da0f300430d891c4fa7ccbaf96825421) Importer(815301076,1909f56bfc062723c751e8b465ee728b)
Start importing Assets/Reversed Interactive/The Portal Collection/FBX/PortalOne.fbx using Guid(da0f300430d891c4fa7ccbaf96825421) Importer(815301076,1909f56bfc062723c751e8b465ee728b)  -> (artifact id: '49d5ec77e1281017b4102711b89c07f9') in 0.028235 seconds
Number of updated asset objects reloaded before import = 0
Number of asset objects unloaded after import = 15
========================================================================
Received Import Request.
  Time since last request: 4.971086 seconds.
  path: Assets/Reversed Interactive/The Portal Collection/Materials/Ground.mat
  artifactKey: Guid(3c82c6f7352aca046b6c9449e5e642a7) Importer(815301076,1909f56bfc062723c751e8b465ee728b)
Start importing Assets/Reversed Interactive/The Portal Collection/Materials/Ground.mat using Guid(3c82c6f7352aca046b6c9449e5e642a7) Importer(815301076,1909f56bfc062723c751e8b465ee728b)  -> (artifact id: '181ad902e5d4066205f0e1a8d5206635') in 0.007539 seconds
Number of updated asset objects reloaded before import = 0
Number of asset objects unloaded after import = 1
========================================================================
Received Import Request.
  Time since last request: 0.000016 seconds.
  path: Assets/Reversed Interactive/The Portal Collection/Materials/PortalOne_Albedo.mat
  artifactKey: Guid(22f604aca555deb498a1e0dd3b4e60ec) Importer(815301076,1909f56bfc062723c751e8b465ee728b)
Start importing Assets/Reversed Interactive/The Portal Collection/Materials/PortalOne_Albedo.mat using Guid(22f604aca555deb498a1e0dd3b4e60ec) Importer(815301076,1909f56bfc062723c751e8b465ee728b)  -> (artifact id: '2cfb0269dda145d49b4c2ef8da3ba14e') in 0.030872 seconds
Number of updated asset objects reloaded before import = 0
Number of asset objects unloaded after import = 4
========================================================================
Received Import Request.
  Time since last request: 0.000020 seconds.
  path: Assets/Reversed Interactive/The Portal Collection/Materials/PortalRed.mat
  artifactKey: Guid(4cb0398b1e49e40488450c65b4899562) Importer(815301076,1909f56bfc062723c751e8b465ee728b)
Start importing Assets/Reversed Interactive/The Portal Collection/Materials/PortalRed.mat using Guid(4cb0398b1e49e40488450c65b4899562) Importer(815301076,1909f56bfc062723c751e8b465ee728b)  -> (artifact id: '0904aa48636449b8726e81d4a2660944') in 0.008267 seconds
Number of updated asset objects reloaded before import = 0
Number of asset objects unloaded after import = 3
========================================================================
Received Import Request.
  Time since last request: 0.000028 seconds.
  path: Assets/Reversed Interactive/The Portal Collection/Materials/PortalSeven_Albedo.mat
  artifactKey: Guid(9a2d3134f98c89149b0f7f4822e7a8ff) Importer(815301076,1909f56bfc062723c751e8b465ee728b)
Start importing Assets/Reversed Interactive/The Portal Collection/Materials/PortalSeven_Albedo.mat using Guid(9a2d3134f98c89149b0f7f4822e7a8ff) Importer(815301076,1909f56bfc062723c751e8b465ee728b)  -> (artifact id: '754071b71b1abb33cde01611e53c1243') in 0.079634 seconds
Number of updated asset objects reloaded before import = 0
Number of asset objects unloaded after import = 4
========================================================================
Received Import Request.
  Time since last request: 0.448916 seconds.
  path: Assets/Reversed Interactive/The Portal Collection/Prefabs/PortalFive.prefab
  artifactKey: Guid(f546e48c3995d33479c34ed605db241c) Importer(815301076,1909f56bfc062723c751e8b465ee728b)
Start importing Assets/Reversed Interactive/The Portal Collection/Prefabs/PortalFive.prefab using Guid(f546e48c3995d33479c34ed605db241c) Importer(815301076,1909f56bfc062723c751e8b465ee728b)  -> (artifact id: '8c1b8cddf6bf223ecc4d896f49ec2ca8') in 0.023860 seconds
Number of updated asset objects reloaded before import = 0
Number of asset objects unloaded after import = 23
========================================================================
Received Import Request.
  Time since last request: 0.000023 seconds.
  path: Assets/Reversed Interactive/The Portal Collection/Prefabs/PortalSix.prefab
  artifactKey: Guid(4e6a9a31a838a4d4da5d25eddb0efbfb) Importer(815301076,1909f56bfc062723c751e8b465ee728b)
Start importing Assets/Reversed Interactive/The Portal Collection/Prefabs/PortalSix.prefab using Guid(4e6a9a31a838a4d4da5d25eddb0efbfb) Importer(815301076,1909f56bfc062723c751e8b465ee728b)  -> (artifact id: 'cd6d3b41201ec595de27d707abf02076') in 0.021419 seconds
Number of updated asset objects reloaded before import = 0
Number of asset objects unloaded after import = 22
========================================================================
Received Import Request.
  Time since last request: 2.724714 seconds.
  path: Assets/Reversed Interactive/The Portal Collection/Settings/HDRenderPipelineAsset.asset
  artifactKey: Guid(3e2e6bfc59709614ab90c0cd7d755e48) Importer(815301076,1909f56bfc062723c751e8b465ee728b)
Start importing Assets/Reversed Interactive/The Portal Collection/Settings/HDRenderPipelineAsset.asset using Guid(3e2e6bfc59709614ab90c0cd7d755e48) Importer(815301076,1909f56bfc062723c751e8b465ee728b)  -> (artifact id: '87441f2416078520c16e5f731e5aba26') in 0.001640 seconds
Number of updated asset objects reloaded before import = 0
Number of asset objects unloaded after import = 1
========================================================================
Received Import Request.
  Time since last request: 0.371493 seconds.
  path: Assets/Reversed Interactive/The Portal Collection/Textures/FallOffOne2.png
  artifactKey: Guid(f7092c82b3b39c640812b583b54372ba) Importer(815301076,1909f56bfc062723c751e8b465ee728b)
Start importing Assets/Reversed Interactive/The Portal Collection/Textures/FallOffOne2.png using Guid(f7092c82b3b39c640812b583b54372ba) Importer(815301076,1909f56bfc062723c751e8b465ee728b)  -> (artifact id: '418ea120fbe8a5f1cdb0c06ff23e01ee') in 0.009976 seconds
Number of updated asset objects reloaded before import = 0
Number of asset objects unloaded after import = 2
========================================================================
Received Import Request.
  Time since last request: 0.000018 seconds.
  path: Assets/Reversed Interactive/The Portal Collection/Textures/green-slimeH 1.png
  artifactKey: Guid(dd0f83c735ce7a048a80b940ffca15bb) Importer(815301076,1909f56bfc062723c751e8b465ee728b)
Start importing Assets/Reversed Interactive/The Portal Collection/Textures/green-slimeH 1.png using Guid(dd0f83c735ce7a048a80b940ffca15bb) Importer(815301076,1909f56bfc062723c751e8b465ee728b)  -> (artifact id: '5a4ef69e6897d51556bf3b1ebea8f3a4') in 0.014491 seconds
Number of updated asset objects reloaded before import = 0
Number of asset objects unloaded after import = 2
========================================================================
Received Import Request.
  Time since last request: 0.000028 seconds.
  path: Assets/Reversed Interactive/The Portal Collection/Textures/PortalNine_Normal.png
  artifactKey: Guid(372a1bfe750ce804c9a10a17a14717e8) Importer(815301076,1909f56bfc062723c751e8b465ee728b)
Start importing Assets/Reversed Interactive/The Portal Collection/Textures/PortalNine_Normal.png using Guid(372a1bfe750ce804c9a10a17a14717e8) Importer(815301076,1909f56bfc062723c751e8b465ee728b)  -> (artifact id: 'd1aad686db7dad78aee3bbc6ea2ef1d7') in 0.025068 seconds
Number of updated asset objects reloaded before import = 0
Number of asset objects unloaded after import = 2
========================================================================
Received Import Request.
  Time since last request: 0.000032 seconds.
  path: Assets/Reversed Interactive/The Portal Collection/Textures/Noise2.png
  artifactKey: Guid(2bf14503c35a6e94dbd52405f234574a) Importer(815301076,1909f56bfc062723c751e8b465ee728b)
Start importing Assets/Reversed Interactive/The Portal Collection/Textures/Noise2.png using Guid(2bf14503c35a6e94dbd52405f234574a) Importer(815301076,1909f56bfc062723c751e8b465ee728b)  -> (artifact id: '8eeeb5c85c0ea0bcdf83a7b4c79a9bb8') in 0.008410 seconds
Number of updated asset objects reloaded before import = 0
Number of asset objects unloaded after import = 2
========================================================================
Received Import Request.
  Time since last request: 0.000015 seconds.
  path: Assets/Reversed Interactive/The Portal Collection/Textures/PortalFive_Emissive.png
  artifactKey: Guid(d46a6c5b5ac8bc04db17c4154dd0f89f) Importer(815301076,1909f56bfc062723c751e8b465ee728b)
Start importing Assets/Reversed Interactive/The Portal Collection/Textures/PortalFive_Emissive.png using Guid(d46a6c5b5ac8bc04db17c4154dd0f89f) Importer(815301076,1909f56bfc062723c751e8b465ee728b)  -> (artifact id: 'a4eb3697a7d0abb5f75820d3658a2145') in 0.008974 seconds
Number of updated asset objects reloaded before import = 0
Number of asset objects unloaded after import = 2
========================================================================
Received Import Request.
  Time since last request: 0.000024 seconds.
  path: Assets/Reversed Interactive/The Portal Collection/Textures/PortalSix_2_Mask.png
  artifactKey: Guid(82e2a32bb55539342a226f48850c3659) Importer(815301076,1909f56bfc062723c751e8b465ee728b)
Start importing Assets/Reversed Interactive/The Portal Collection/Textures/PortalSix_2_Mask.png using Guid(82e2a32bb55539342a226f48850c3659) Importer(815301076,1909f56bfc062723c751e8b465ee728b)  -> (artifact id: 'b5c84c080f73ad2069072405dc55d2ae') in 0.011438 seconds
Number of updated asset objects reloaded before import = 0
Number of asset objects unloaded after import = 2
========================================================================
Received Import Request.
  Time since last request: 0.000018 seconds.
  path: Assets/Reversed Interactive/The Portal Collection/Textures/PortalSix_2_Albedo.png
  artifactKey: Guid(cbb037492c211a44f959fdde6ac53fcc) Importer(815301076,1909f56bfc062723c751e8b465ee728b)
Start importing Assets/Reversed Interactive/The Portal Collection/Textures/PortalSix_2_Albedo.png using Guid(cbb037492c211a44f959fdde6ac53fcc) Importer(815301076,1909f56bfc062723c751e8b465ee728b)  -> (artifact id: '80c4d33f420d16b56f8f3a59c42a8220') in 0.010141 seconds
Number of updated asset objects reloaded before import = 0
Number of asset objects unloaded after import = 2
========================================================================
Received Import Request.
  Time since last request: 0.000016 seconds.
  path: Assets/Reversed Interactive/The Portal Collection/Textures/Noise4.png
  artifactKey: Guid(4e4b5e03db1de3b498140ef94ece91ba) Importer(815301076,1909f56bfc062723c751e8b465ee728b)
Start importing Assets/Reversed Interactive/The Portal Collection/Textures/Noise4.png using Guid(4e4b5e03db1de3b498140ef94ece91ba) Importer(815301076,1909f56bfc062723c751e8b465ee728b)  -> (artifact id: 'b47bd272c709f08386685666871d9140') in 0.008155 seconds
Number of updated asset objects reloaded before import = 0
Number of asset objects unloaded after import = 2
========================================================================
Received Import Request.
  Time since last request: 0.000016 seconds.
  path: Assets/Reversed Interactive/The Portal Collection/Textures/PortalOne_Albedo.png
  artifactKey: Guid(58c8f57c2a85b254faca6e413eea9b59) Importer(815301076,1909f56bfc062723c751e8b465ee728b)
Start importing Assets/Reversed Interactive/The Portal Collection/Textures/PortalOne_Albedo.png using Guid(58c8f57c2a85b254faca6e413eea9b59) Importer(815301076,1909f56bfc062723c751e8b465ee728b)  -> (artifact id: '8e5e02220a495439acdcb25458d20c45') in 0.010050 seconds
Number of updated asset objects reloaded before import = 0
Number of asset objects unloaded after import = 2
========================================================================
Received Import Request.
  Time since last request: 0.000015 seconds.
  path: Assets/Reversed Interactive/The Portal Collection/Textures/PortalSeven_Mask.png
  artifactKey: Guid(d5ac72d8c87e30c479c372a9c6dd5600) Importer(815301076,1909f56bfc062723c751e8b465ee728b)
Start importing Assets/Reversed Interactive/The Portal Collection/Textures/PortalSeven_Mask.png using Guid(d5ac72d8c87e30c479c372a9c6dd5600) Importer(815301076,1909f56bfc062723c751e8b465ee728b)  -> (artifact id: '422d5b82b6bd84de55dbc5bef59bcf73') in 0.027310 seconds
Number of updated asset objects reloaded before import = 0
Number of asset objects unloaded after import = 2
========================================================================
Received Import Request.
  Time since last request: 0.000017 seconds.
  path: Assets/Reversed Interactive/The Portal Collection/Textures/PortalSix_Normal.png
  artifactKey: Guid(c80f1762908d3c741a8107fe49db49bd) Importer(815301076,1909f56bfc062723c751e8b465ee728b)
Start importing Assets/Reversed Interactive/The Portal Collection/Textures/PortalSix_Normal.png using Guid(c80f1762908d3c741a8107fe49db49bd) Importer(815301076,1909f56bfc062723c751e8b465ee728b)  -> (artifact id: 'f749cd5a47ba368a40435b334b5a042d') in 0.011176 seconds
Number of updated asset objects reloaded before import = 0
Number of asset objects unloaded after import = 2
========================================================================
Received Import Request.
  Time since last request: 1031.519436 seconds.
  path: Assets/Reversed Interactive/The Portal Collection/Materials/flowmapH.mat
  artifactKey: Guid(b5c1cb7eba5800c45815e9e45ed40eca) Importer(815301076,1909f56bfc062723c751e8b465ee728b)
Start importing Assets/Reversed Interactive/The Portal Collection/Materials/flowmapH.mat using Guid(b5c1cb7eba5800c45815e9e45ed40eca) Importer(815301076,1909f56bfc062723c751e8b465ee728b)  -> (artifact id: '91f157e9f213095994dc7c257be0f3c0') in 0.009760 seconds
Number of updated asset objects reloaded before import = 0
Number of asset objects unloaded after import = 2
========================================================================
Received Import Request.
  Time since last request: 0.033519 seconds.
  path: Assets/Reversed Interactive/The Portal Collection/Materials/PortalEight_Mask.mat
  artifactKey: Guid(1919d00139823ec41960f610a969523e) Importer(815301076,1909f56bfc062723c751e8b465ee728b)
Start importing Assets/Reversed Interactive/The Portal Collection/Materials/PortalEight_Mask.mat using Guid(1919d00139823ec41960f610a969523e) Importer(815301076,1909f56bfc062723c751e8b465ee728b)  -> (artifact id: '86da7dadd5c88665fde509cbfa0b899d') in 0.010797 seconds
Number of updated asset objects reloaded before import = 0
Number of asset objects unloaded after import = 2
========================================================================
Received Import Request.
  Time since last request: 0.021272 seconds.
  path: Assets/Reversed Interactive/The Portal Collection/Materials/PortalFour_Albedo 1.mat
  artifactKey: Guid(9b75977657191ac4483b3256c5a3c00f) Importer(815301076,1909f56bfc062723c751e8b465ee728b)
Start importing Assets/Reversed Interactive/The Portal Collection/Materials/PortalFour_Albedo 1.mat using Guid(9b75977657191ac4483b3256c5a3c00f) Importer(815301076,1909f56bfc062723c751e8b465ee728b)  -> (artifact id: '18e7e5ff0876828052d919a9c31faef0') in 0.010421 seconds
Number of updated asset objects reloaded before import = 0
Number of asset objects unloaded after import = 2
========================================================================
Received Import Request.
  Time since last request: 0.019446 seconds.
  path: Assets/Reversed Interactive/The Portal Collection/Materials/PortalSix_2_Albedo 3.mat
  artifactKey: Guid(253eb3d8c782be843995595220520e6c) Importer(815301076,1909f56bfc062723c751e8b465ee728b)
Start importing Assets/Reversed Interactive/The Portal Collection/Materials/PortalSix_2_Albedo 3.mat using Guid(253eb3d8c782be843995595220520e6c) Importer(815301076,1909f56bfc062723c751e8b465ee728b)  -> (artifact id: 'ef811d3d340c3157885b6995479feed1') in 0.010765 seconds
Number of updated asset objects reloaded before import = 0
Number of asset objects unloaded after import = 2
========================================================================
Received Import Request.
  Time since last request: 0.000021 seconds.
  path: Assets/Reversed Interactive/The Portal Collection/Materials/wuze85y2.mat
  artifactKey: Guid(062d885dd9cdcf7478d3f4eead0563c7) Importer(815301076,1909f56bfc062723c751e8b465ee728b)
Start importing Assets/Reversed Interactive/The Portal Collection/Materials/wuze85y2.mat using Guid(062d885dd9cdcf7478d3f4eead0563c7) Importer(815301076,1909f56bfc062723c751e8b465ee728b)  -> (artifact id: 'ca6a212b897924f01938c8a049744a55') in 0.006791 seconds
Number of updated asset objects reloaded before import = 0
Number of asset objects unloaded after import = 2
========================================================================
Received Import Request.
  Time since last request: 0.000016 seconds.
  path: Assets/Reversed Interactive/The Portal Collection/Materials/PortalThree_Occlusion.mat
  artifactKey: Guid(6c6fa9a73203d1446bb54f7555dd19f9) Importer(815301076,1909f56bfc062723c751e8b465ee728b)
Start importing Assets/Reversed Interactive/The Portal Collection/Materials/PortalThree_Occlusion.mat using Guid(6c6fa9a73203d1446bb54f7555dd19f9) Importer(815301076,1909f56bfc062723c751e8b465ee728b)  -> (artifact id: '1acf32e5899e137f0e2f79f33fde5206') in 0.010232 seconds
Number of updated asset objects reloaded before import = 0
Number of asset objects unloaded after import = 2
========================================================================
Received Import Request.
  Time since last request: 0.000020 seconds.
  path: Assets/Reversed Interactive/The Portal Collection/Materials/PortalSix_2_Albedo 2.mat
  artifactKey: Guid(c10020ba13a422b45829b215fbec6423) Importer(815301076,1909f56bfc062723c751e8b465ee728b)
Start importing Assets/Reversed Interactive/The Portal Collection/Materials/PortalSix_2_Albedo 2.mat using Guid(c10020ba13a422b45829b215fbec6423) Importer(815301076,1909f56bfc062723c751e8b465ee728b)  -> (artifact id: '781eda558863f4d6b7ec9a9ef70a3c3a') in 0.007739 seconds
Number of updated asset objects reloaded before import = 0
Number of asset objects unloaded after import = 2
========================================================================
Received Import Request.
  Time since last request: 0.000026 seconds.
  path: Assets/Reversed Interactive/The Portal Collection/Materials/PortalTwo_Albedo 1.mat
  artifactKey: Guid(de0a38f75bff77841b601fd965027fe2) Importer(815301076,1909f56bfc062723c751e8b465ee728b)
Start importing Assets/Reversed Interactive/The Portal Collection/Materials/PortalTwo_Albedo 1.mat using Guid(de0a38f75bff77841b601fd965027fe2) Importer(815301076,1909f56bfc062723c751e8b465ee728b)  -> (artifact id: '10c8bc3519380249b2cb317f32ed303e') in 0.024214 seconds
Number of updated asset objects reloaded before import = 0
Number of asset objects unloaded after import = 2
========================================================================
Received Import Request.
  Time since last request: 0.000037 seconds.
  path: Assets/Reversed Interactive/The Portal Collection/Materials/green-slimeH.mat
  artifactKey: Guid(4a9f247294d8dcf47aecc0287b000622) Importer(815301076,1909f56bfc062723c751e8b465ee728b)
Start importing Assets/Reversed Interactive/The Portal Collection/Materials/green-slimeH.mat using Guid(4a9f247294d8dcf47aecc0287b000622) Importer(815301076,1909f56bfc062723c751e8b465ee728b)  -> (artifact id: 'fbad33ca9a153268d9775697ab1f75fd') in 0.006846 seconds
Number of updated asset objects reloaded before import = 0
Number of asset objects unloaded after import = 2
========================================================================
Received Import Request.
  Time since last request: 0.000021 seconds.
  path: Assets/Reversed Interactive/The Portal Collection/Materials/PortalSix_2_Albedo 1.mat
  artifactKey: Guid(d745dba4e547f944690748b3a4faee0b) Importer(815301076,1909f56bfc062723c751e8b465ee728b)
Start importing Assets/Reversed Interactive/The Portal Collection/Materials/PortalSix_2_Albedo 1.mat using Guid(d745dba4e547f944690748b3a4faee0b) Importer(815301076,1909f56bfc062723c751e8b465ee728b)  -> (artifact id: '883f5ae1dcdc34d51885412064b6d6d5') in 0.008833 seconds
Number of updated asset objects reloaded before import = 0
Number of asset objects unloaded after import = 2
Editor requested this worker to shutdown with reason: Scaling down because of idle timeout
TcpMessagingSession - receive error: operation aborted. errorcode: 995, details: The I/O operation has been aborted because of either a thread exit or an application request.
AssetImportWorker is now disconnected from the server
Process exiting
Exiting without the bug reporter. Application will terminate with return code 0